Apr-04 10:43:48.864 [main] DEBUG nextflow.cli.Launcher - $> nextflow kuberun 'https://github.com/slowney/wesnf' --outdir /mnt/data/SampleResults -head-prescript /mnt/data/nextflow-cfg.sh -r main -profile kubuser_kuberun -params-file ../SampleParams/k8.json
Apr-04 10:43:48.954 [main] DEBUG nextflow.plugin.PluginsFacade - Setting up plugin manager > mode=prod; embedded=false; plugins-dir=/home/slowney/.nextflow/plugins; core-plugins: nf-amazon@2.1.4,nf-azure@1.3.2,nf-cloudcache@0.3.0,nf-codecommit@0.1.5,nf-console@1.0.6,nf-ga4gh@1.1.0,nf-google@1.8.3,nf-tower@1.6.3,nf-wave@1.0.0
Apr-04 10:43:48.964 [main] INFO  o.pf4j.DefaultPluginStatusProvider - Enabled plugins: []
Apr-04 10:43:48.965 [main] INFO  o.pf4j.DefaultPluginStatusProvider - Disabled plugins: []
Apr-04 10:43:48.968 [main] INFO  org.pf4j.DefaultPluginManager - PF4J version 3.4.1 in 'deployment' mode
Apr-04 10:43:48.975 [main] INFO  org.pf4j.AbstractPluginManager - No plugins
Apr-04 10:43:48.983 [main] DEBUG nextflow.scm.ProviderConfig - Using SCM config path: /home/slowney/.nextflow/scm
Apr-04 10:43:49.008 [main] DEBUG nextflow.scm.RepositoryFactory - Found Git repository result: [RepositoryFactory]
Apr-04 10:43:49.020 [main] DEBUG nextflow.scm.RepositoryFactory - Git url=nextflow.scm.GitUrl(https, null, github.com, slowney/wesnf) -> config=ProviderConfig[name: github, platform: github, server: https://github.com]
Apr-04 10:43:49.020 [main] DEBUG nextflow.scm.AssetManager - Repository URL: https://github.com/slowney/wesnf; Project: slowney/wesnf; Hub provider: github
Apr-04 10:43:49.028 [main] DEBUG nextflow.scm.RepositoryProvider - Request [credentials -:-] -> https://api.github.com/repos/slowney/wesnf/contents/nextflow.config
Apr-04 10:43:49.552 [main] DEBUG nextflow.config.ConfigBuilder - Found config local: /mnt/archive/work/slowney/nf-SimpleWES-kuberun/nextflow.config
Apr-04 10:43:49.555 [main] DEBUG nextflow.config.ConfigBuilder - User config file: https://github.com/slowney/wesnf/nextflow.config
Apr-04 10:43:49.555 [main] DEBUG nextflow.config.ConfigBuilder - Parsing config file: /mnt/archive/work/slowney/nf-SimpleWES-kuberun/nextflow.config
Apr-04 10:43:49.557 [main] DEBUG nextflow.config.ConfigBuilder - Parsing config file: https://github.com/slowney/wesnf/nextflow.config
Apr-04 10:43:49.578 [main] DEBUG nextflow.config.ConfigBuilder - Applying config profile: `kubuser_kuberun`
Apr-04 10:43:50.456 [main] DEBUG nextflow.config.ConfigBuilder - Applying config profile: `kubuser_kuberun`
Apr-04 10:43:50.516 [main] DEBUG nextflow.scm.RepositoryProvider - Request [credentials -:-] -> https://api.github.com/repos/slowney/wesnf/contents/conf/base.config
Apr-04 10:43:50.725 [main] DEBUG nextflow.config.ConfigBuilder - Available config profiles: [debug, kubuser_kuberun, kubuser_fusion, test, local_tester, apptainer, docker, slurm, gitpod, shifter, mamba, charliecloud, conda, singularity, arm, test_full, podman]
Apr-04 10:43:50.781 [main] DEBUG nextflow.k8s.K8sConfig - Kubernetes workDir=/mnt/data/slowney/work; projectDir=/mnt/data/projects; volumeClaims=[nf-k8-test-claim]
Apr-04 10:43:50.820 [main] DEBUG nextflow.scm.ProviderConfig - Using SCM config path: /home/slowney/.nextflow/scm
Apr-04 10:43:50.870 [main] DEBUG nextflow.k8s.K8sDriverLauncher - Created K8s configMap with name: nf-config-4bc811e4
Apr-04 10:44:28.338 [main] DEBUG nextflow.k8s.K8sDriverLauncher - Wait for pod termination name=exotic-booth
